    1  clear
    2  ls
    3  cd bureau
    4  cd Bureau/
    5  ls
    6  cd clmystery-master/
    7  ls
    8  cd mystery/
    9  ls
   10  cat crimescene 
   11  grep CLUE *
   12  cd ..
   13  ls
   14  cd mystery/
   15  ls
   16  cd memberships/
   17  ls
   18  cd ..
   19  ls
   20  cat people
   21  cd ..
   22  ls
   23  cd mystery/
   24  ls
   25  cat crimescene 
   26  grep CLUE *
   27  ls
   28  cat vehicles
   29  cd ..
   30  ls
   31  cd mystery
   32  ls
   33  cat vehicles
   34  grep 6'0" *
ls
cat 6'
   35  cat vehicles 
   36  grep 6 *
   37  grep Height: 6 *
   38  grep "Height: 6" *
   39  ls
   40  cd memberships/
   41  l
   42  ls
   43  cat Costco 
   44  ls
   45  cd ..
   46  ls
   47  cd interviews/
   48  ls
   49  cd ..
   50  ls
   51  grep CLUE *
   52  ls
   53  cat people
   54  cd ..
   55  ls
   56  grep CLUE *
   57  ls
   58  cd mystery
   59  ls
   60  grep CLUE *
   61  ls
   62  grep Annabel *
   63  ls
   64  cd memberships/
   65  grep Annabel *
   66  cd ..
   67  grep CLUE *
   68  grep church *
   69  ls
   70  grep Annabel *
   71  grep Church *
   72  grep CLUE *
   73  ls
   74  cd streets
   75  ls
   76  cat Abbot_Street 
   77  grep NZ *
   78  grep New *
   79  ls
   80  cd ..
   81  ls
   82  grep CLUE *
   83  ls
   84  cd interviews
   85  ls
   86  grep Annabel
   87  grep Annabel *
   88  grep Church *
   89  cd ..
   90  ls
   91  cd streets
   92  ls
   93  grep Annabel *
   94  grep Church *
   95  ls
   96  cd ..
   97  grep Annabel *
   98  grep Buckingham
   99  grep Buckingham *
  100  ls
  101  cd streets
  102  grep Buckingham_Place *
  103  ls
  104  cat Buckingham_Place 
  105  grep Annabel *
  106  cat Church *
  107  cat Buckingham_Place 
  108  grep Church *
  109  grep ATM *
  110  ls
  111  cd ..
  112  grep CLUE *
  113  ls
  114  grep ATM *
  115  cd interviews/
  116  grep ATM *
  117  ls
  118  cat interview-637657 
  119  cd ..
  120  ls
  121  grep crime *
  122  grep Crime *
  123  ls
  124  grep Annabel *
  125  cd memberships/
  126  grep Church *
  127  ls
  128  cat AAA
  129  cd ..
  130  ls
  131  cd ..
  132  ls
  133  cat hint1
  134  cd ..
  135  ls
  136  cd clmystery-master/
  137  cd mystery/
  138  head -n 20 people
  139  ls
  140  cd streets/
  141  ls
  142  cat Buckingham_Place 
  143  cd ..
  144  ls
  145  cd ..
  146  cat hint2
  147  cat hint3
  148  cd mystery/
  149  head people
  150  cd ..
  151  ls
  152  cat hint4
  153  cat hint5
  154  ls
  155  cd mystery/
  156  grep Mattapan *
  157  grep Oluwasegun *
  158  ls
  159  cd interviews
  160  grep Annabel *
  161  grep Oluwaseg *
  162  cd ..
  163  ls
  164  cd ..
  165  cat hint 6
  166  cat hint6
  167  cat hint7
  168  ls
  169  cd mystery/
  170  ls
  171  cd interviews/
  172  ls
  173  grep Church *
  174  grep shot*
  175  grep shot *
  176  cd ..
  177  ls
  178  grep Annabel *
  179  ls
  180  cat vehicles
  181  grep Annabel *
  182  find Annabel *
  183  ls
  184  cat vehicles 
  185  grep -c Annabel *
  186  grep -nC Annabel *
  187  grep -n Annabel *
  188  cat vehicles 
  189  grep -C Annabel *
  190  grep -n Annabel
  191  grep -n Annabel *
  192  grep -C 22681
  193  grep --help
  194  https://www.google.com/search?client=ubuntu&channel=fs&q=unix+head+command&ie=utf-8&oe=utf-8
  195  grep -B 5 Annabel *
  196  grep -B 5 -A 5 Annabel *
  197  grep L2E48EF *
  198  cd interviews
  199  grep L2E48EF *
  200  cd ..
  201  cd interviews/
  202  grep BMW *
  203  grep bmw *
  204  cd ..
  205  grep Annabel *
  206  grep Church *
  207  grep Stephan
  208  grep Stephan *
  209  cd ..
  210  ls
  211  cat hint7
  212  ls
  213  cat hint8
  214  cd mystery/
  215  cd memberships/
  216  ls
  217  grep --help
  218  ls
  219  cd ..
  220  ls
  221  grep CLUE *
  222  cd memberships/
  223  cat AAA Delta_SkyMiles Museum_of_Bash_History | grep -c
  224  cat AAA Delta_SkyMiles Museum_of_Bash_History | grep -c Annabel
  225  cat AAA Delta_SkyMiles Museum_of_Bash_History | grep -c Church
  226  cat AAA Delta_SkyMiles Museum_of_Bash_History Terminal_City_Library | grep -c Church
  227  cat AAA Delta_SkyMiles Museum_of_Bash_History Terminal_City_Library | grep -c Annabel
  228  cd ..
  229  ls
  230  cd ..
  231  cat hint8
  232  ls
  233  cd mystery/
  234  cd memberships/
  235  grep Annabel *
  236  cd ..
  237  grep Fuglsang *
  238  grep Sun *
  239  ls
  240  grep -B 5 -A 5 Annabel *
  241  cd ..
  242  ls
  243  cat cheatsheet.md
  244  ls
  245  cd mystery/
  246  grep -i Annabel *
  247  grep -i Church *
  248  grep 179 *
  249  grep "line 179" *
  250  grep Buckingham *
  251  cd interviews/
  252  grep Buckingham *
  253  ls
  254  grep Annabel *
  255  grep Church *
  256  cd ..
  257  ls
  258  grep CLUE *
  259  ls
  260  cd memberships/
  261  ls
  262  cat AAA
  263  cd ..
  264  ls
  265  cd memberships/
  266  grep Annabel *
  267  grep Church *
  268  cd ..
  269  ls
  270  cd interviews/
  271  grep coffee *
  272  grep woman *
  273  ls
  274  cd ..
  275  ls
  276  grep Annabel *
  277  cat people
  278  ls
  279  grep Annabel *
  280  grep Mattapan *
  281  grep Fuglsang *
  282  cd ..
  283  ls
  284  cd mystery/
  285  ls
  286  cd interviews/
  287  grep -i Fuglsang *
  288  grep -i Oluwasegun *
  289  grep -i Church *
  290  cd ..
  291  ls
  292  grep CLUE *
  293  grep Fuglsang *
  294  ls
  295  grep -A 5 -B 5 Fuglsang *
  296  cd ..
  297  ls
  298  cat hint1
  299  cate hint2
  300  sudo apt install cat
  301  $ls
  302  ls
  303  cat hint 4
  304  cat hint4
  305  cd mystery/
  306  ls
  307  cd people
  308  grep Annabel *
  309  ls
  310  cd ..
  311  ls 
  312  cat hint4
  313  cat hint5
  314  cd mystery/
  315  ls
  316  cd streets/
  317  cd ..
  318  ls
  319  cd interviews/
  320  head -n 179 streets/Buckingham_Place | tail -n 1
  321  cd ..
  322  head -n 179 streets/Buckingham_Place | tail -n 1
  323  cd ..
  324  ls
  325  cd mystery/
  326  cd interviews/
  327  cat interview-699607
  328  cd ..
  329  ls
  330  cd v
  331  grep L337*9 *
  332  grep L337*9*
  333  grep L337*9* *
  334  grep -A 5 -B 5 L337*9* *
  335  ls
  336  grep Erika *
  337  grep Jacqui *
  338  grep Jeremy *
  339  grep Germuska *
  340  grep Heather *
  341  grep Pilhofer *
  342  grep Erika *
  343  ls
  344  cd memberships/
  345  ls
  346  grep Jeremy *
  347  grep Joe *
  348  grep Germuska *
  349  echo "Jeremy Bowers"
  350  history > Mon_historique.log
  351  ls
  352  cd ..
  353  ls
  354  cd ..
  355  ls
  356  history > mon_historique.log
